\BOOKMARK [0][-]{chapter.1}{\376\377\0001\000\040\000C\000l\000a\000s\000s\000\040\000I\000n\000d\000e\000x}{}% 1
\BOOKMARK [1][-]{section.1.1}{\376\377\0001\000.\0001\000\040\000C\000l\000a\000s\000s\000\040\000L\000i\000s\000t}{chapter.1}% 2
\BOOKMARK [0][-]{chapter.2}{\376\377\0002\000\040\000F\000i\000l\000e\000\040\000I\000n\000d\000e\000x}{}% 3
\BOOKMARK [1][-]{section.2.1}{\376\377\0002\000.\0001\000\040\000F\000i\000l\000e\000\040\000L\000i\000s\000t}{chapter.2}% 4
\BOOKMARK [0][-]{chapter.3}{\376\377\0003\000\040\000C\000l\000a\000s\000s\000\040\000D\000o\000c\000u\000m\000e\000n\000t\000a\000t\000i\000o\000n}{}% 5
\BOOKMARK [1][-]{section.3.1}{\376\377\0003\000.\0001\000\040\000C\000o\000n\000t\000r\000o\000l\000l\000e\000r\000\040\000C\000l\000a\000s\000s\000\040\000R\000e\000f\000e\000r\000e\000n\000c\000e}{chapter.3}% 6
\BOOKMARK [2][-]{subsection.3.1.1}{\376\377\0003\000.\0001\000.\0001\000\040\000D\000e\000t\000a\000i\000l\000e\000d\000\040\000D\000e\000s\000c\000r\000i\000p\000t\000i\000o\000n}{section.3.1}% 7
\BOOKMARK [2][-]{subsection.3.1.2}{\376\377\0003\000.\0001\000.\0002\000\040\000C\000o\000n\000s\000t\000r\000u\000c\000t\000o\000r\000\040\000\046\000\040\000D\000e\000s\000t\000r\000u\000c\000t\000o\000r\000\040\000D\000o\000c\000u\000m\000e\000n\000t\000a\000t\000i\000o\000n}{section.3.1}% 8
\BOOKMARK [3][-]{subsubsection.3.1.2.1}{\376\377\0003\000.\0001\000.\0002\000.\0001\000\040\000C\000o\000n\000t\000r\000o\000l\000l\000e\000r\000\050\000\051}{subsection.3.1.2}% 9
\BOOKMARK [2][-]{subsection.3.1.3}{\376\377\0003\000.\0001\000.\0003\000\040\000M\000e\000m\000b\000e\000r\000\040\000F\000u\000n\000c\000t\000i\000o\000n\000\040\000D\000o\000c\000u\000m\000e\000n\000t\000a\000t\000i\000o\000n}{section.3.1}% 10
\BOOKMARK [3][-]{subsubsection.3.1.3.1}{\376\377\0003\000.\0001\000.\0003\000.\0001\000\040\000C\000h\000e\000c\000k\000A\000l\000i\000g\000n\000m\000e\000n\000t\000F\000i\000l\000e\000P\000a\000t\000h\000\050\000\051}{subsection.3.1.3}% 11
\BOOKMARK [3][-]{subsubsection.3.1.3.2}{\376\377\0003\000.\0001\000.\0003\000.\0002\000\040\000C\000h\000e\000c\000k\000C\000h\000a\000i\000n\000N\000a\000m\000e\000\050\000\051}{subsection.3.1.3}% 12
\BOOKMARK [3][-]{subsubsection.3.1.3.3}{\376\377\0003\000.\0001\000.\0003\000.\0003\000\040\000C\000h\000e\000c\000k\000C\000L\000I\000O\000p\000t\000i\000o\000n\000s\000\050\000\051}{subsection.3.1.3}% 13
\BOOKMARK [3][-]{subsubsection.3.1.3.4}{\376\377\0003\000.\0001\000.\0003\000.\0004\000\040\000C\000h\000e\000c\000k\000N\000u\000m\000b\000e\000r\000O\000f\000G\000e\000n\000e\000r\000a\000t\000i\000o\000n\000s\000\050\000\051}{subsection.3.1.3}% 14
\BOOKMARK [3][-]{subsubsection.3.1.3.5}{\376\377\0003\000.\0001\000.\0003\000.\0005\000\040\000C\000h\000e\000c\000k\000R\000a\000n\000d\000o\000m\000S\000e\000e\000d\000\050\000\051}{subsection.3.1.3}% 15
\BOOKMARK [3][-]{subsubsection.3.1.3.6}{\376\377\0003\000.\0001\000.\0003\000.\0006\000\040\000G\000e\000t\000A\000l\000i\000g\000n\000m\000e\000n\000t\000F\000i\000l\000e\000P\000a\000t\000h\000\050\000\051}{subsection.3.1.3}% 16
\BOOKMARK [3][-]{subsubsection.3.1.3.7}{\376\377\0003\000.\0001\000.\0003\000.\0007\000\040\000G\000e\000t\000B\000L\000E\000x\000p\000o\000n\000e\000n\000t\000i\000a\000l\000M\000e\000a\000n\000\050\000\051}{subsection.3.1.3}% 17
\BOOKMARK [3][-]{subsubsection.3.1.3.8}{\376\377\0003\000.\0001\000.\0003\000.\0008\000\040\000G\000e\000t\000B\000L\000U\000n\000i\000f\000o\000r\000m\000M\000a\000x\000\050\000\051}{subsection.3.1.3}% 18
\BOOKMARK [3][-]{subsubsection.3.1.3.9}{\376\377\0003\000.\0001\000.\0003\000.\0009\000\040\000G\000e\000t\000B\000L\000U\000n\000i\000f\000o\000r\000m\000M\000i\000n\000\050\000\051}{subsection.3.1.3}% 19
\BOOKMARK [3][-]{subsubsection.3.1.3.10}{\376\377\0003\000.\0001\000.\0003\000.\0001\0000\000\040\000G\000e\000t\000C\000h\000a\000i\000n\000N\000a\000m\000e\000\050\000\051}{subsection.3.1.3}% 20
\BOOKMARK [3][-]{subsubsection.3.1.3.11}{\376\377\0003\000.\0001\000.\0003\000.\0001\0001\000\040\000G\000e\000t\000R\000a\000n\000d\000o\000m\000S\000e\000e\000d\000\050\000\051}{subsection.3.1.3}% 21
\BOOKMARK [3][-]{subsubsection.3.1.3.12}{\376\377\0003\000.\0001\000.\0003\000.\0001\0002\000\040\000R\000u\000n\000\050\000\051}{subsection.3.1.3}% 22
\BOOKMARK [3][-]{subsubsection.3.1.3.13}{\376\377\0003\000.\0001\000.\0003\000.\0001\0003\000\040\000S\000e\000t\000A\000l\000i\000g\000n\000m\000e\000n\000t\000F\000i\000l\000e\000P\000a\000t\000h\000\050\000\051}{subsection.3.1.3}% 23
\BOOKMARK [3][-]{subsubsection.3.1.3.14}{\376\377\0003\000.\0001\000.\0003\000.\0001\0004\000\040\000S\000e\000t\000B\000L\000E\000x\000p\000o\000n\000e\000n\000t\000i\000a\000l\000M\000e\000a\000n\000\050\000\051}{subsection.3.1.3}% 24
\BOOKMARK [3][-]{subsubsection.3.1.3.15}{\376\377\0003\000.\0001\000.\0003\000.\0001\0005\000\040\000S\000e\000t\000B\000L\000U\000n\000i\000f\000o\000r\000m\000M\000a\000x\000\050\000\051}{subsection.3.1.3}% 25
\BOOKMARK [3][-]{subsubsection.3.1.3.16}{\376\377\0003\000.\0001\000.\0003\000.\0001\0006\000\040\000S\000e\000t\000B\000L\000U\000n\000i\000f\000o\000r\000m\000M\000i\000n\000\050\000\051}{subsection.3.1.3}% 26
\BOOKMARK [3][-]{subsubsection.3.1.3.17}{\376\377\0003\000.\0001\000.\0003\000.\0001\0007\000\040\000S\000e\000t\000C\000h\000a\000i\000n\000N\000a\000m\000e\000\050\000\051}{subsection.3.1.3}% 27
\BOOKMARK [3][-]{subsubsection.3.1.3.18}{\376\377\0003\000.\0001\000.\0003\000.\0001\0008\000\040\000S\000e\000t\000N\000u\000m\000b\000e\000r\000O\000f\000G\000e\000n\000e\000r\000a\000t\000i\000o\000n\000s\000\050\000\051}{subsection.3.1.3}% 28
\BOOKMARK [3][-]{subsubsection.3.1.3.19}{\376\377\0003\000.\0001\000.\0003\000.\0001\0009\000\040\000S\000e\000t\000R\000a\000n\000d\000o\000m\000S\000e\000e\000d\000\050\000\051}{subsection.3.1.3}% 29
\BOOKMARK [1][-]{section.3.2}{\376\377\0003\000.\0002\000\040\000D\000i\000s\000t\000r\000i\000b\000u\000t\000i\000o\000n\000S\000a\000m\000p\000l\000e\000r\000\040\000C\000l\000a\000s\000s\000\040\000R\000e\000f\000e\000r\000e\000n\000c\000e}{chapter.3}% 30
\BOOKMARK [2][-]{subsection.3.2.1}{\376\377\0003\000.\0002\000.\0001\000\040\000D\000e\000t\000a\000i\000l\000e\000d\000\040\000D\000e\000s\000c\000r\000i\000p\000t\000i\000o\000n}{section.3.2}% 31
\BOOKMARK [2][-]{subsection.3.2.2}{\376\377\0003\000.\0002\000.\0002\000\040\000C\000o\000n\000s\000t\000r\000u\000c\000t\000o\000r\000\040\000\046\000\040\000D\000e\000s\000t\000r\000u\000c\000t\000o\000r\000\040\000D\000o\000c\000u\000m\000e\000n\000t\000a\000t\000i\000o\000n}{section.3.2}% 32
\BOOKMARK [3][-]{subsubsection.3.2.2.1}{\376\377\0003\000.\0002\000.\0002\000.\0001\000\040\000D\000i\000s\000t\000r\000i\000b\000u\000t\000i\000o\000n\000S\000a\000m\000p\000l\000e\000r\000\050\000\051}{subsection.3.2.2}% 33
\BOOKMARK [2][-]{subsection.3.2.3}{\376\377\0003\000.\0002\000.\0003\000\040\000M\000e\000m\000b\000e\000r\000\040\000F\000u\000n\000c\000t\000i\000o\000n\000\040\000D\000o\000c\000u\000m\000e\000n\000t\000a\000t\000i\000o\000n}{section.3.2}% 34
\BOOKMARK [3][-]{subsubsection.3.2.3.1}{\376\377\0003\000.\0002\000.\0003\000.\0001\000\040\000S\000a\000m\000p\000l\000e\000F\000r\000o\000m\000E\000x\000p\000o\000n\000e\000n\000t\000i\000a\000l\000\050\000\051}{subsection.3.2.3}% 35
\BOOKMARK [3][-]{subsubsection.3.2.3.2}{\376\377\0003\000.\0002\000.\0003\000.\0002\000\040\000S\000a\000m\000p\000l\000e\000F\000r\000o\000m\000G\000a\000m\000m\000a\000\050\000\051}{subsection.3.2.3}% 36
\BOOKMARK [3][-]{subsubsection.3.2.3.3}{\376\377\0003\000.\0002\000.\0003\000.\0003\000\040\000S\000a\000m\000p\000l\000e\000F\000r\000o\000m\000I\000n\000t\000U\000n\000i\000f\000o\000r\000m\000\050\000\051}{subsection.3.2.3}% 37
\BOOKMARK [3][-]{subsubsection.3.2.3.4}{\376\377\0003\000.\0002\000.\0003\000.\0004\000\040\000S\000a\000m\000p\000l\000e\000F\000r\000o\000m\000R\000e\000a\000l\000U\000n\000i\000f\000o\000r\000m\000\050\000\051}{subsection.3.2.3}% 38
\BOOKMARK [3][-]{subsubsection.3.2.3.5}{\376\377\0003\000.\0002\000.\0003\000.\0005\000\040\000S\000e\000t\000R\000a\000n\000d\000o\000m\000N\000u\000m\000b\000e\000r\000G\000e\000n\000e\000r\000a\000t\000o\000r\000S\000e\000e\000d\000\050\000\051}{subsection.3.2.3}% 39
\BOOKMARK [1][-]{section.3.3}{\376\377\0003\000.\0003\000\040\000I\000n\000p\000u\000t\000R\000e\000a\000d\000e\000r\000\040\000C\000l\000a\000s\000s\000\040\000R\000e\000f\000e\000r\000e\000n\000c\000e}{chapter.3}% 40
\BOOKMARK [2][-]{subsection.3.3.1}{\376\377\0003\000.\0003\000.\0001\000\040\000D\000e\000t\000a\000i\000l\000e\000d\000\040\000D\000e\000s\000c\000r\000i\000p\000t\000i\000o\000n}{section.3.3}% 41
\BOOKMARK [2][-]{subsection.3.3.2}{\376\377\0003\000.\0003\000.\0002\000\040\000C\000o\000n\000s\000t\000r\000u\000c\000t\000o\000r\000\040\000\046\000\040\000D\000e\000s\000t\000r\000u\000c\000t\000o\000r\000\040\000D\000o\000c\000u\000m\000e\000n\000t\000a\000t\000i\000o\000n}{section.3.3}% 42
\BOOKMARK [3][-]{subsubsection.3.3.2.1}{\376\377\0003\000.\0003\000.\0002\000.\0001\000\040\000I\000n\000p\000u\000t\000R\000e\000a\000d\000e\000r\000\050\000\051\000\040\000[\0001\000/\0002\000]}{subsection.3.3.2}% 43
\BOOKMARK [3][-]{subsubsection.3.3.2.2}{\376\377\0003\000.\0003\000.\0002\000.\0002\000\040\000I\000n\000p\000u\000t\000R\000e\000a\000d\000e\000r\000\050\000\051\000\040\000[\0002\000/\0002\000]}{subsection.3.3.2}% 44
\BOOKMARK [2][-]{subsection.3.3.3}{\376\377\0003\000.\0003\000.\0003\000\040\000M\000e\000m\000b\000e\000r\000\040\000F\000u\000n\000c\000t\000i\000o\000n\000\040\000D\000o\000c\000u\000m\000e\000n\000t\000a\000t\000i\000o\000n}{section.3.3}% 45
\BOOKMARK [3][-]{subsubsection.3.3.3.1}{\376\377\0003\000.\0003\000.\0003\000.\0001\000\040\000G\000e\000t\000P\000a\000t\000h\000\050\000\051}{subsection.3.3.3}% 46
\BOOKMARK [3][-]{subsubsection.3.3.3.2}{\376\377\0003\000.\0003\000.\0003\000.\0002\000\040\000R\000e\000a\000d\000I\000n\000p\000u\000t\000F\000i\000l\000e\000\050\000\051}{subsection.3.3.3}% 47
\BOOKMARK [3][-]{subsubsection.3.3.3.3}{\376\377\0003\000.\0003\000.\0003\000.\0003\000\040\000S\000e\000t\000P\000a\000t\000h\000\050\000\051}{subsection.3.3.3}% 48
\BOOKMARK [1][-]{section.3.4}{\376\377\0003\000.\0004\000\040\000N\000o\000d\000e\000\040\000C\000l\000a\000s\000s\000\040\000R\000e\000f\000e\000r\000e\000n\000c\000e}{chapter.3}% 49
\BOOKMARK [2][-]{subsection.3.4.1}{\376\377\0003\000.\0004\000.\0001\000\040\000D\000e\000t\000a\000i\000l\000e\000d\000\040\000D\000e\000s\000c\000r\000i\000p\000t\000i\000o\000n}{section.3.4}% 50
\BOOKMARK [2][-]{subsection.3.4.2}{\376\377\0003\000.\0004\000.\0002\000\040\000C\000o\000n\000s\000t\000r\000u\000c\000t\000o\000r\000\040\000\046\000\040\000D\000e\000s\000t\000r\000u\000c\000t\000o\000r\000\040\000D\000o\000c\000u\000m\000e\000n\000t\000a\000t\000i\000o\000n}{section.3.4}% 51
\BOOKMARK [3][-]{subsubsection.3.4.2.1}{\376\377\0003\000.\0004\000.\0002\000.\0001\000\040\000N\000o\000d\000e\000\050\000\051}{subsection.3.4.2}% 52
\BOOKMARK [2][-]{subsection.3.4.3}{\376\377\0003\000.\0004\000.\0003\000\040\000M\000e\000m\000b\000e\000r\000\040\000F\000u\000n\000c\000t\000i\000o\000n\000\040\000D\000o\000c\000u\000m\000e\000n\000t\000a\000t\000i\000o\000n}{section.3.4}% 53
\BOOKMARK [3][-]{subsubsection.3.4.3.1}{\376\377\0003\000.\0004\000.\0003\000.\0001\000\040\000A\000d\000d\000N\000o\000d\000e\000T\000o\000C\000h\000i\000l\000d\000V\000e\000c\000t\000o\000r\000\050\000\051}{subsection.3.4.3}% 54
\BOOKMARK [3][-]{subsubsection.3.4.3.2}{\376\377\0003\000.\0004\000.\0003\000.\0002\000\040\000C\000r\000e\000a\000t\000e\000B\000i\000f\000u\000r\000c\000a\000t\000i\000n\000g\000N\000o\000d\000e\000\050\000\051}{subsection.3.4.3}% 55
\BOOKMARK [3][-]{subsubsection.3.4.3.3}{\376\377\0003\000.\0004\000.\0003\000.\0003\000\040\000G\000e\000t\000C\000h\000i\000l\000d\000V\000e\000c\000t\000o\000r\000\050\000\051}{subsection.3.4.3}% 56
\BOOKMARK [3][-]{subsubsection.3.4.3.4}{\376\377\0003\000.\0004\000.\0003\000.\0004\000\040\000G\000e\000t\000I\000n\000d\000e\000x\000\050\000\051}{subsection.3.4.3}% 57
\BOOKMARK [3][-]{subsubsection.3.4.3.5}{\376\377\0003\000.\0004\000.\0003\000.\0005\000\040\000G\000e\000t\000I\000s\000T\000i\000p\000\050\000\051}{subsection.3.4.3}% 58
\BOOKMARK [3][-]{subsubsection.3.4.3.6}{\376\377\0003\000.\0004\000.\0003\000.\0006\000\040\000G\000e\000t\000L\000e\000n\000g\000t\000h\000S\000u\000b\000t\000e\000n\000d\000i\000n\000g\000B\000r\000a\000n\000c\000h\000\050\000\051}{subsection.3.4.3}% 59
\BOOKMARK [3][-]{subsubsection.3.4.3.7}{\376\377\0003\000.\0004\000.\0003\000.\0007\000\040\000G\000e\000t\000N\000o\000d\000e\000I\000n\000f\000o\000\050\000\051}{subsection.3.4.3}% 60
\BOOKMARK [3][-]{subsubsection.3.4.3.8}{\376\377\0003\000.\0004\000.\0003\000.\0008\000\040\000G\000e\000t\000N\000o\000d\000e\000I\000n\000f\000o\000I\000n\000N\000e\000w\000i\000c\000k\000F\000o\000r\000m\000a\000t\000\050\000\051}{subsection.3.4.3}% 61
\BOOKMARK [3][-]{subsubsection.3.4.3.9}{\376\377\0003\000.\0004\000.\0003\000.\0009\000\040\000G\000e\000t\000N\000o\000d\000e\000P\000o\000i\000n\000t\000e\000r\000\050\000\051}{subsection.3.4.3}% 62
\BOOKMARK [3][-]{subsubsection.3.4.3.10}{\376\377\0003\000.\0004\000.\0003\000.\0001\0000\000\040\000G\000e\000t\000P\000a\000r\000e\000n\000t\000N\000o\000d\000e\000\050\000\051}{subsection.3.4.3}% 63
\BOOKMARK [3][-]{subsubsection.3.4.3.11}{\376\377\0003\000.\0004\000.\0003\000.\0001\0001\000\040\000G\000e\000t\000S\000e\000q\000u\000e\000n\000c\000e\000\050\000\051}{subsection.3.4.3}% 64
\BOOKMARK [3][-]{subsubsection.3.4.3.12}{\376\377\0003\000.\0004\000.\0003\000.\0001\0002\000\040\000G\000e\000t\000S\000p\000e\000c\000i\000e\000s\000N\000a\000m\000e\000\050\000\051}{subsection.3.4.3}% 65
\BOOKMARK [3][-]{subsubsection.3.4.3.13}{\376\377\0003\000.\0004\000.\0003\000.\0001\0003\000\040\000S\000e\000t\000C\000h\000i\000l\000d\000V\000e\000c\000t\000o\000r\000\050\000\051}{subsection.3.4.3}% 66
\BOOKMARK [3][-]{subsubsection.3.4.3.14}{\376\377\0003\000.\0004\000.\0003\000.\0001\0004\000\040\000S\000e\000t\000I\000n\000d\000e\000x\000\050\000\051}{subsection.3.4.3}% 67
\BOOKMARK [3][-]{subsubsection.3.4.3.15}{\376\377\0003\000.\0004\000.\0003\000.\0001\0005\000\040\000S\000e\000t\000I\000s\000T\000i\000p\000\050\000\051}{subsection.3.4.3}% 68
\BOOKMARK [3][-]{subsubsection.3.4.3.16}{\376\377\0003\000.\0004\000.\0003\000.\0001\0006\000\040\000S\000e\000t\000L\000e\000n\000g\000t\000h\000S\000u\000b\000t\000e\000n\000d\000i\000n\000g\000B\000r\000a\000n\000c\000h\000\050\000\051}{subsection.3.4.3}% 69
\BOOKMARK [3][-]{subsubsection.3.4.3.17}{\376\377\0003\000.\0004\000.\0003\000.\0001\0007\000\040\000S\000e\000t\000P\000a\000r\000e\000n\000t\000N\000o\000d\000e\000\050\000\051}{subsection.3.4.3}% 70
\BOOKMARK [3][-]{subsubsection.3.4.3.18}{\376\377\0003\000.\0004\000.\0003\000.\0001\0008\000\040\000S\000e\000t\000S\000e\000q\000u\000e\000n\000c\000e\000\050\000\051}{subsection.3.4.3}% 71
\BOOKMARK [3][-]{subsubsection.3.4.3.19}{\376\377\0003\000.\0004\000.\0003\000.\0001\0009\000\040\000S\000e\000t\000S\000p\000e\000c\000i\000e\000s\000N\000a\000m\000e\000\050\000\051}{subsection.3.4.3}% 72
\BOOKMARK [1][-]{section.3.5}{\376\377\0003\000.\0005\000\040\000O\000u\000t\000p\000u\000t\000P\000r\000i\000n\000t\000e\000r\000\040\000C\000l\000a\000s\000s\000\040\000R\000e\000f\000e\000r\000e\000n\000c\000e}{chapter.3}% 73
\BOOKMARK [2][-]{subsection.3.5.1}{\376\377\0003\000.\0005\000.\0001\000\040\000D\000e\000t\000a\000i\000l\000e\000d\000\040\000D\000e\000s\000c\000r\000i\000p\000t\000i\000o\000n}{section.3.5}% 74
\BOOKMARK [2][-]{subsection.3.5.2}{\376\377\0003\000.\0005\000.\0002\000\040\000C\000o\000n\000s\000t\000r\000u\000c\000t\000o\000r\000\040\000\046\000\040\000D\000e\000s\000t\000r\000u\000c\000t\000o\000r\000\040\000D\000o\000c\000u\000m\000e\000n\000t\000a\000t\000i\000o\000n}{section.3.5}% 75
\BOOKMARK [3][-]{subsubsection.3.5.2.1}{\376\377\0003\000.\0005\000.\0002\000.\0001\000\040\000O\000u\000t\000p\000u\000t\000P\000r\000i\000n\000t\000e\000r\000\050\000\051}{subsection.3.5.2}% 76
\BOOKMARK [2][-]{subsection.3.5.3}{\376\377\0003\000.\0005\000.\0003\000\040\000M\000e\000m\000b\000e\000r\000\040\000F\000u\000n\000c\000t\000i\000o\000n\000\040\000D\000o\000c\000u\000m\000e\000n\000t\000a\000t\000i\000o\000n}{section.3.5}% 77
\BOOKMARK [3][-]{subsubsection.3.5.3.1}{\376\377\0003\000.\0005\000.\0003\000.\0001\000\040\000P\000r\000i\000n\000t\000M\000e\000s\000s\000a\000g\000e\0002\000O\000u\000t\000\050\000\051}{subsection.3.5.3}% 78
\BOOKMARK [1][-]{section.3.6}{\376\377\0003\000.\0006\000\040\000T\000r\000e\000e\000\040\000C\000l\000a\000s\000s\000\040\000R\000e\000f\000e\000r\000e\000n\000c\000e}{chapter.3}% 79
\BOOKMARK [2][-]{subsection.3.6.1}{\376\377\0003\000.\0006\000.\0001\000\040\000D\000e\000t\000a\000i\000l\000e\000d\000\040\000D\000e\000s\000c\000r\000i\000p\000t\000i\000o\000n}{section.3.6}% 80
\BOOKMARK [2][-]{subsection.3.6.2}{\376\377\0003\000.\0006\000.\0002\000\040\000C\000o\000n\000s\000t\000r\000u\000c\000t\000o\000r\000\040\000\046\000\040\000D\000e\000s\000t\000r\000u\000c\000t\000o\000r\000\040\000D\000o\000c\000u\000m\000e\000n\000t\000a\000t\000i\000o\000n}{section.3.6}% 81
\BOOKMARK [3][-]{subsubsection.3.6.2.1}{\376\377\0003\000.\0006\000.\0002\000.\0001\000\040\000T\000r\000e\000e\000\050\000\051}{subsection.3.6.2}% 82
\BOOKMARK [2][-]{subsection.3.6.3}{\376\377\0003\000.\0006\000.\0003\000\040\000M\000e\000m\000b\000e\000r\000\040\000F\000u\000n\000c\000t\000i\000o\000n\000\040\000D\000o\000c\000u\000m\000e\000n\000t\000a\000t\000i\000o\000n}{section.3.6}% 83
\BOOKMARK [3][-]{subsubsection.3.6.3.1}{\376\377\0003\000.\0006\000.\0003\000.\0001\000\040\000A\000d\000d\000T\000o\000N\000o\000d\000e\000V\000e\000c\000t\000o\000r\000\050\000\051}{subsection.3.6.3}% 84
\BOOKMARK [3][-]{subsubsection.3.6.3.2}{\376\377\0003\000.\0006\000.\0003\000.\0002\000\040\000C\000o\000l\000l\000e\000c\000t\000T\000r\000e\000e\000N\000o\000d\000e\000s\000I\000n\000f\000o\000I\000t\000e\000r\000a\000t\000i\000v\000e\000l\000y\000\050\000\051}{subsection.3.6.3}% 85
\BOOKMARK [3][-]{subsubsection.3.6.3.3}{\376\377\0003\000.\0006\000.\0003\000.\0003\000\040\000C\000o\000l\000l\000e\000c\000t\000T\000r\000e\000e\000N\000o\000d\000e\000s\000I\000n\000f\000o\000R\000e\000c\000u\000r\000s\000i\000v\000e\000l\000y\000\050\000\051}{subsection.3.6.3}% 86
\BOOKMARK [3][-]{subsubsection.3.6.3.4}{\376\377\0003\000.\0006\000.\0003\000.\0004\000\040\000C\000r\000e\000a\000t\000e\000B\000i\000f\000u\000r\000c\000a\000t\000i\000n\000g\000T\000r\000e\000e\000\050\000\051}{subsection.3.6.3}% 87
\BOOKMARK [3][-]{subsubsection.3.6.3.5}{\376\377\0003\000.\0006\000.\0003\000.\0005\000\040\000C\000r\000e\000a\000t\000e\000S\000t\000a\000r\000T\000r\000e\000e\000\050\000\051}{subsection.3.6.3}% 88
\BOOKMARK [3][-]{subsubsection.3.6.3.6}{\376\377\0003\000.\0006\000.\0003\000.\0006\000\040\000G\000e\000t\000L\000e\000n\000g\000t\000h\000\050\000\051}{subsection.3.6.3}% 89
\BOOKMARK [3][-]{subsubsection.3.6.3.7}{\376\377\0003\000.\0006\000.\0003\000.\0007\000\040\000G\000e\000t\000R\000o\000o\000t\000\050\000\051}{subsection.3.6.3}% 90
\BOOKMARK [3][-]{subsubsection.3.6.3.8}{\376\377\0003\000.\0006\000.\0003\000.\0008\000\040\000G\000e\000t\000T\000r\000e\000e\000I\000n\000N\000e\000w\000i\000c\000k\000F\000o\000r\000m\000a\000t\000\050\000\051}{subsection.3.6.3}% 91
\BOOKMARK [3][-]{subsubsection.3.6.3.9}{\376\377\0003\000.\0006\000.\0003\000.\0009\000\040\000G\000e\000t\000T\000r\000e\000e\000N\000o\000d\000e\000s\000\050\000\051}{subsection.3.6.3}% 92
\BOOKMARK [3][-]{subsubsection.3.6.3.10}{\376\377\0003\000.\0006\000.\0003\000.\0001\0000\000\040\000G\000e\000t\000T\000r\000e\000e\000N\000o\000d\000e\000V\000e\000c\000t\000o\000r\000\050\000\051}{subsection.3.6.3}% 93
\BOOKMARK [3][-]{subsubsection.3.6.3.11}{\376\377\0003\000.\0006\000.\0003\000.\0001\0001\000\040\000S\000e\000t\000L\000e\000n\000g\000t\000h\000\050\000\051}{subsection.3.6.3}% 94
\BOOKMARK [3][-]{subsubsection.3.6.3.12}{\376\377\0003\000.\0006\000.\0003\000.\0001\0002\000\040\000S\000e\000t\000R\000o\000o\000t\000\050\000\051}{subsection.3.6.3}% 95
\BOOKMARK [3][-]{subsubsection.3.6.3.13}{\376\377\0003\000.\0006\000.\0003\000.\0001\0003\000\040\000S\000e\000t\000T\000r\000e\000e\000N\000o\000d\000e\000s\000\050\000\051}{subsection.3.6.3}% 96
\BOOKMARK [0][-]{chapter.4}{\376\377\0004\000\040\000F\000i\000l\000e\000\040\000D\000o\000c\000u\000m\000e\000n\000t\000a\000t\000i\000o\000n}{}% 97
\BOOKMARK [1][-]{section.4.1}{\376\377\0004\000.\0001\000\040\000/\000h\000o\000m\000e\000/\000s\000e\000r\000g\000i\000o\000/\000R\000e\000p\000o\000s\000/\000p\000h\000y\000l\000o\000t\000o\000y\000/\000s\000r\000c\000/\000C\000o\000n\000t\000r\000o\000l\000l\000e\000r\000.\000c\000p\000p\000\040\000F\000i\000l\000e\000\040\000R\000e\000f\000e\000r\000e\000n\000c\000e}{chapter.4}% 98
\BOOKMARK [1][-]{section.4.2}{\376\377\0004\000.\0002\000\040\000/\000h\000o\000m\000e\000/\000s\000e\000r\000g\000i\000o\000/\000R\000e\000p\000o\000s\000/\000p\000h\000y\000l\000o\000t\000o\000y\000/\000s\000r\000c\000/\000C\000o\000n\000t\000r\000o\000l\000l\000e\000r\000.\000h\000\040\000F\000i\000l\000e\000\040\000R\000e\000f\000e\000r\000e\000n\000c\000e}{chapter.4}% 99
\BOOKMARK [1][-]{section.4.3}{\376\377\0004\000.\0003\000\040\000/\000h\000o\000m\000e\000/\000s\000e\000r\000g\000i\000o\000/\000R\000e\000p\000o\000s\000/\000p\000h\000y\000l\000o\000t\000o\000y\000/\000s\000r\000c\000/\000D\000i\000s\000t\000r\000i\000b\000u\000t\000i\000o\000n\000S\000a\000m\000p\000l\000e\000r\000.\000c\000p\000p\000\040\000F\000i\000l\000e\000\040\000R\000e\000f\000e\000r\000e\000n\000c\000e}{chapter.4}% 100
\BOOKMARK [1][-]{section.4.4}{\376\377\0004\000.\0004\000\040\000/\000h\000o\000m\000e\000/\000s\000e\000r\000g\000i\000o\000/\000R\000e\000p\000o\000s\000/\000p\000h\000y\000l\000o\000t\000o\000y\000/\000s\000r\000c\000/\000D\000i\000s\000t\000r\000i\000b\000u\000t\000i\000o\000n\000S\000a\000m\000p\000l\000e\000r\000.\000h\000\040\000F\000i\000l\000e\000\040\000R\000e\000f\000e\000r\000e\000n\000c\000e}{chapter.4}% 101
\BOOKMARK [1][-]{section.4.5}{\376\377\0004\000.\0005\000\040\000/\000h\000o\000m\000e\000/\000s\000e\000r\000g\000i\000o\000/\000R\000e\000p\000o\000s\000/\000p\000h\000y\000l\000o\000t\000o\000y\000/\000s\000r\000c\000/\000I\000n\000p\000u\000t\000R\000e\000a\000d\000e\000r\000.\000c\000p\000p\000\040\000F\000i\000l\000e\000\040\000R\000e\000f\000e\000r\000e\000n\000c\000e}{chapter.4}% 102
\BOOKMARK [1][-]{section.4.6}{\376\377\0004\000.\0006\000\040\000/\000h\000o\000m\000e\000/\000s\000e\000r\000g\000i\000o\000/\000R\000e\000p\000o\000s\000/\000p\000h\000y\000l\000o\000t\000o\000y\000/\000s\000r\000c\000/\000I\000n\000p\000u\000t\000R\000e\000a\000d\000e\000r\000.\000h\000\040\000F\000i\000l\000e\000\040\000R\000e\000f\000e\000r\000e\000n\000c\000e}{chapter.4}% 103
\BOOKMARK [1][-]{section.4.7}{\376\377\0004\000.\0007\000\040\000/\000h\000o\000m\000e\000/\000s\000e\000r\000g\000i\000o\000/\000R\000e\000p\000o\000s\000/\000p\000h\000y\000l\000o\000t\000o\000y\000/\000s\000r\000c\000/\000N\000o\000d\000e\000.\000c\000p\000p\000\040\000F\000i\000l\000e\000\040\000R\000e\000f\000e\000r\000e\000n\000c\000e}{chapter.4}% 104
\BOOKMARK [1][-]{section.4.8}{\376\377\0004\000.\0008\000\040\000/\000h\000o\000m\000e\000/\000s\000e\000r\000g\000i\000o\000/\000R\000e\000p\000o\000s\000/\000p\000h\000y\000l\000o\000t\000o\000y\000/\000s\000r\000c\000/\000N\000o\000d\000e\000.\000h\000\040\000F\000i\000l\000e\000\040\000R\000e\000f\000e\000r\000e\000n\000c\000e}{chapter.4}% 105
\BOOKMARK [1][-]{section.4.9}{\376\377\0004\000.\0009\000\040\000/\000h\000o\000m\000e\000/\000s\000e\000r\000g\000i\000o\000/\000R\000e\000p\000o\000s\000/\000p\000h\000y\000l\000o\000t\000o\000y\000/\000s\000r\000c\000/\000O\000u\000t\000p\000u\000t\000P\000r\000i\000n\000t\000e\000r\000.\000c\000p\000p\000\040\000F\000i\000l\000e\000\040\000R\000e\000f\000e\000r\000e\000n\000c\000e}{chapter.4}% 106
\BOOKMARK [1][-]{section.4.10}{\376\377\0004\000.\0001\0000\000\040\000/\000h\000o\000m\000e\000/\000s\000e\000r\000g\000i\000o\000/\000R\000e\000p\000o\000s\000/\000p\000h\000y\000l\000o\000t\000o\000y\000/\000s\000r\000c\000/\000O\000u\000t\000p\000u\000t\000P\000r\000i\000n\000t\000e\000r\000.\000h\000\040\000F\000i\000l\000e\000\040\000R\000e\000f\000e\000r\000e\000n\000c\000e}{chapter.4}% 107
\BOOKMARK [1][-]{section.4.11}{\376\377\0004\000.\0001\0001\000\040\000/\000h\000o\000m\000e\000/\000s\000e\000r\000g\000i\000o\000/\000R\000e\000p\000o\000s\000/\000p\000h\000y\000l\000o\000t\000o\000y\000/\000s\000r\000c\000/\000P\000h\000y\000l\000o\000t\000o\000y\000.\000c\000p\000p\000\040\000F\000i\000l\000e\000\040\000R\000e\000f\000e\000r\000e\000n\000c\000e}{chapter.4}% 108
\BOOKMARK [2][-]{subsection.4.11.1}{\376\377\0004\000.\0001\0001\000.\0001\000\040\000F\000u\000n\000c\000t\000i\000o\000n\000\040\000D\000o\000c\000u\000m\000e\000n\000t\000a\000t\000i\000o\000n}{section.4.11}% 109
\BOOKMARK [3][-]{subsubsection.4.11.1.1}{\376\377\0004\000.\0001\0001\000.\0001\000.\0001\000\040\000m\000a\000i\000n\000\050\000\051}{subsection.4.11.1}% 110
\BOOKMARK [1][-]{section.4.12}{\376\377\0004\000.\0001\0002\000\040\000/\000h\000o\000m\000e\000/\000s\000e\000r\000g\000i\000o\000/\000R\000e\000p\000o\000s\000/\000p\000h\000y\000l\000o\000t\000o\000y\000/\000s\000r\000c\000/\000T\000r\000e\000e\000.\000c\000p\000p\000\040\000F\000i\000l\000e\000\040\000R\000e\000f\000e\000r\000e\000n\000c\000e}{chapter.4}% 111
\BOOKMARK [1][-]{section.4.13}{\376\377\0004\000.\0001\0003\000\040\000/\000h\000o\000m\000e\000/\000s\000e\000r\000g\000i\000o\000/\000R\000e\000p\000o\000s\000/\000p\000h\000y\000l\000o\000t\000o\000y\000/\000s\000r\000c\000/\000T\000r\000e\000e\000.\000h\000\040\000F\000i\000l\000e\000\040\000R\000e\000f\000e\000r\000e\000n\000c\000e}{chapter.4}% 112
\BOOKMARK [0][-]{section*.15}{\376\377\000I\000n\000d\000e\000x}{}% 113
